[debug] [2020-05-02T16:44:21.964Z] ----------------------------------------------------------------------
[debug] [2020-05-02T16:44:21.966Z] Command:       /home/vagrant/.nvm/versions/node/v10.15.1/bin/node /home/vagrant/.nvm/versions/node/v10.15.1/bin/firebase serve
[debug] [2020-05-02T16:44:21.966Z] CLI Version:   8.2.0
[debug] [2020-05-02T16:44:21.966Z] Platform:      linux
[debug] [2020-05-02T16:44:21.966Z] Node Version:  v10.15.1
[debug] [2020-05-02T16:44:21.967Z] Time:          Sat May 02 2020 18:44:21 GMT+0200 (Central European Summer Time)
[debug] [2020-05-02T16:44:21.967Z] ----------------------------------------------------------------------
[debug] [2020-05-02T16:44:21.967Z] 
[debug] [2020-05-02T16:44:21.975Z] > command requires scopes: ["email","openid","https://www.googleapis.com/auth/cloudplatformprojects.readonly","https://www.googleapis.com/auth/firebase","https://www.googleapis.com/auth/cloud-platform"]
[debug] [2020-05-02T16:44:21.975Z] > authorizing via signed-in user
[debug] [2020-05-02T16:44:21.975Z] [iam] checking project locapp-c4de3 for permissions ["firebase.projects.get"]
[debug] [2020-05-02T16:44:21.979Z] >>> HTTP REQUEST POST https://cloudresourcemanager.googleapis.com/v1/projects/locapp-c4de3:testIamPermissions  
 {"permissions":["firebase.projects.get"]}
[debug] [2020-05-02T16:44:22.834Z] <<< HTTP RESPONSE 200 {"content-type":"application/json; charset=UTF-8","vary":"X-Origin, Referer, Origin,Accept-Encoding","date":"Sat, 02 May 2020 16:44:19 GMT","server":"ESF","cache-control":"private","x-xss-protection":"0","x-frame-options":"SAMEORIGIN","x-content-type-options":"nosniff","server-timing":"gfet4t7; dur=701","alt-svc":"h3-Q050=\":443\"; ma=2592000,h3-Q049=\":443\"; ma=2592000,h3-Q048=\":443\"; ma=2592000,h3-Q046=\":443\"; ma=2592000,h3-Q043=\":443\"; ma=2592000,quic=\":443\"; ma=2592000; v=\"46,43\"","accept-ranges":"none","transfer-encoding":"chunked"}
[debug] [2020-05-02T16:44:22.837Z] >>> HTTP REQUEST GET https://firebase.googleapis.com/v1beta1/projects/locapp-c4de3  
 
[debug] [2020-05-02T16:44:23.099Z] <<< HTTP RESPONSE 200 {"content-type":"application/json; charset=UTF-8","vary":"X-Origin, Referer, Origin,Accept-Encoding","date":"Sat, 02 May 2020 16:44:19 GMT","server":"ESF","cache-control":"private","x-xss-protection":"0","x-frame-options":"SAMEORIGIN","x-content-type-options":"nosniff","alt-svc":"h3-Q050=\":443\"; ma=2592000,h3-Q049=\":443\"; ma=2592000,h3-Q048=\":443\"; ma=2592000,h3-Q046=\":443\"; ma=2592000,h3-Q043=\":443\"; ma=2592000,quic=\":443\"; ma=2592000; v=\"46,43\"","accept-ranges":"none","transfer-encoding":"chunked"}
[info] 
[info] === Serving from '/home/vagrant/projects/POC/locapp-back'...
[info] 
[warn] ⚠  Your requested "node" version "8" doesn't match your global version "10"
[info] ✔  functions: functions emulator started at http://localhost:5000
[info] i  functions: Watching "/home/vagrant/projects/POC/locapp-back/functions" for Cloud Functions...
[debug] [2020-05-02T16:44:23.156Z] [worker-pool] addWorker(~diagnostic~) 
[debug] [2020-05-02T16:44:23.156Z] [worker-pool] Adding worker with key ~diagnostic~, total=1 
[debug] [2020-05-02T16:44:23.156Z] [worker-pool] submitWork(triggerId=) 
[debug] [2020-05-02T16:44:23.157Z] [worker-~diagnostic~-16e6ed0b-f5c8-4cdb-a99c-564d8e16a032]: Assigning socketPath: /tmp/fire_emu_2923.sock 
[debug] [2020-05-02T16:44:23.157Z] [worker-~diagnostic~-16e6ed0b-f5c8-4cdb-a99c-564d8e16a032]: BUSY 
[debug] [2020-05-02T16:44:23.492Z] [runtime-status] [2923] Functions runtime initialized. {"cwd":"/home/vagrant/projects/POC/locapp-back/functions","node_version":"10.15.1"} 
[debug] [2020-05-02T16:44:23.493Z] [runtime-status] [2923] Disabled runtime features: undefined 
[debug] [2020-05-02T16:44:23.505Z] [runtime-status] [2923] Resolved module firebase-admin {"declared":true,"installed":true,"version":"8.11.0","resolution":"/home/vagrant/projects/POC/locapp-back/functions/node_modules/firebase-admin/lib/index.js"} 
[debug] [2020-05-02T16:44:23.510Z] [runtime-status] [2923] Resolved module firebase-functions {"declared":true,"installed":true,"version":"3.6.1","resolution":"/home/vagrant/projects/POC/locapp-back/functions/node_modules/firebase-functions/lib/index.js"} 
[warn] ⚠  functions: Your GOOGLE_APPLICATION_CREDENTIALS environment variable points to /home/vagrant/projects/credentials/locapp/locapp-cred.json. Non-emulated services will access production using these credentials. Be careful!
[debug] [2020-05-02T16:44:23.520Z] [runtime-status] [2923] Outgoing network have been stubbed. [{"name":"http","status":"mocked"},{"name":"http","status":"mocked"},{"name":"https","status":"mocked"},{"name":"https","status":"mocked"},{"name":"net","status":"mocked"}] 
[debug] [2020-05-02T16:44:23.576Z] [runtime-status] [2923] Checked functions.config() {"config":{}} 
[debug] [2020-05-02T16:44:23.579Z] [runtime-status] [2923] Resolved module firebase-functions {"declared":true,"installed":true,"version":"3.6.1","resolution":"/home/vagrant/projects/POC/locapp-back/functions/node_modules/firebase-functions/lib/index.js"} 
[debug] [2020-05-02T16:44:23.581Z] [runtime-status] [2923] Resolved module firebase-admin {"declared":true,"installed":true,"version":"8.11.0","resolution":"/home/vagrant/projects/POC/locapp-back/functions/node_modules/firebase-admin/lib/index.js"} 
[debug] [2020-05-02T16:44:23.581Z] [runtime-status] [2923] Resolved module firebase-functions {"declared":true,"installed":true,"version":"3.6.1","resolution":"/home/vagrant/projects/POC/locapp-back/functions/node_modules/firebase-functions/lib/index.js"} 
[debug] [2020-05-02T16:44:23.586Z] [runtime-status] [2923] firebase-admin has been stubbed. {"adminResolution":{"declared":true,"installed":true,"version":"8.11.0","resolution":"/home/vagrant/projects/POC/locapp-back/functions/node_modules/firebase-admin/lib/index.js"}} 
[debug] [2020-05-02T16:44:23.650Z] [runtime-status] [2923] config() parent accessed! {"parentKey":"firebase","parentConfig":{}} 
[debug] [2020-05-02T16:44:23.718Z] [runtime-status] [2923] initializeApp(DEFAULT) {"databaseURL":"https://locapp-c4de3.firebaseio.com","storageBucket":"locapp-c4de3.appspot.com","projectId":"locapp-c4de3"} 
[warn] ⚠  functions: The Cloud Firestore emulator is not running, so calls to Firestore will affect production.
[info] >  ====> Start decode token {"user":"====> Start decode token"}
[info] >  ====> Token ok {"user":"====> Token ok"}
[info] >  Prepare Apis {"user":"Prepare Apis"}
[debug] [2020-05-02T16:44:24.024Z] Unsupported trigger: {"eventTrigger":{"resource":"projects/locapp-c4de3","eventType":"providers/firebase.auth/eventTypes/user.create","service":"firebaseauth.googleapis.com"},"name":"createUser","entryPoint":"createUser"} 
[debug] [2020-05-02T16:44:24.026Z] Unsupported trigger: {"eventTrigger":{"resource":"projects/locapp-c4de3","eventType":"providers/firebase.auth/eventTypes/user.delete","service":"firebaseauth.googleapis.com"},"name":"deleteUser","entryPoint":"deleteUser"} 
[info] ✔  functions[root]: http function initialized (http://localhost:5000/locapp-c4de3/us-central1/root).
[info] i  functions[createUser]: function ignored because the auth emulator does not exist or is not running.
[info] i  functions[deleteUser]: function ignored because the auth emulator does not exist or is not running.
[debug] [2020-05-02T16:44:24.027Z] [worker-~diagnostic~-16e6ed0b-f5c8-4cdb-a99c-564d8e16a032]: IDLE 
[debug] [2020-05-02T16:44:30.889Z] [work-queue] {"queueLength":1,"workRunningCount":0}
[debug] [2020-05-02T16:44:30.891Z] [work-queue] {"queueLength":0,"workRunningCount":1}
[debug] [2020-05-02T16:44:30.892Z] Accepted request POST /locapp-c4de3/us-central1/root/baskets --> root
[debug] [2020-05-02T16:44:30.897Z] [worker-pool] addWorker(root) 
[debug] [2020-05-02T16:44:30.897Z] [worker-pool] Adding worker with key root, total=1 
[debug] [2020-05-02T16:44:30.897Z] [worker-pool] submitWork(triggerId=root) 
[debug] [2020-05-02T16:44:30.897Z] [worker-root-dfeb0197-79fa-425e-b21d-395a9768b680]: Assigning socketPath: /tmp/fire_emu_3056.sock 
[debug] [2020-05-02T16:44:30.898Z] [worker-root-dfeb0197-79fa-425e-b21d-395a9768b680]: BUSY 
[debug] [2020-05-02T16:44:31.248Z] [runtime-status] [3056] Functions runtime initialized. {"cwd":"/home/vagrant/projects/POC/locapp-back/functions","node_version":"10.15.1"} 
[debug] [2020-05-02T16:44:31.252Z] [runtime-status] [3056] Disabled runtime features: undefined 
[debug] [2020-05-02T16:44:31.255Z] [runtime-status] [3056] Resolved module firebase-admin {"declared":true,"installed":true,"version":"8.11.0","resolution":"/home/vagrant/projects/POC/locapp-back/functions/node_modules/firebase-admin/lib/index.js"} 
[debug] [2020-05-02T16:44:31.261Z] [runtime-status] [3056] Resolved module firebase-functions {"declared":true,"installed":true,"version":"3.6.1","resolution":"/home/vagrant/projects/POC/locapp-back/functions/node_modules/firebase-functions/lib/index.js"} 
[warn] ⚠  functions: Your GOOGLE_APPLICATION_CREDENTIALS environment variable points to /home/vagrant/projects/credentials/locapp/locapp-cred.json. Non-emulated services will access production using these credentials. Be careful!
[debug] [2020-05-02T16:44:31.274Z] [runtime-status] [3056] Outgoing network have been stubbed. [{"name":"http","status":"mocked"},{"name":"http","status":"mocked"},{"name":"https","status":"mocked"},{"name":"https","status":"mocked"},{"name":"net","status":"mocked"}] 
[debug] [2020-05-02T16:44:31.316Z] [runtime-status] [3056] Checked functions.config() {"config":{}} 
[debug] [2020-05-02T16:44:31.319Z] [runtime-status] [3056] Resolved module firebase-functions {"declared":true,"installed":true,"version":"3.6.1","resolution":"/home/vagrant/projects/POC/locapp-back/functions/node_modules/firebase-functions/lib/index.js"} 
[debug] [2020-05-02T16:44:31.321Z] [runtime-status] [3056] Resolved module firebase-admin {"declared":true,"installed":true,"version":"8.11.0","resolution":"/home/vagrant/projects/POC/locapp-back/functions/node_modules/firebase-admin/lib/index.js"} 
[debug] [2020-05-02T16:44:31.323Z] [runtime-status] [3056] Resolved module firebase-functions {"declared":true,"installed":true,"version":"3.6.1","resolution":"/home/vagrant/projects/POC/locapp-back/functions/node_modules/firebase-functions/lib/index.js"} 
[debug] [2020-05-02T16:44:31.325Z] [runtime-status] [3056] firebase-admin has been stubbed. {"adminResolution":{"declared":true,"installed":true,"version":"8.11.0","resolution":"/home/vagrant/projects/POC/locapp-back/functions/node_modules/firebase-admin/lib/index.js"}} 
[debug] [2020-05-02T16:44:31.384Z] [runtime-status] [3056] config() parent accessed! {"parentKey":"firebase","parentConfig":{}} 
[debug] [2020-05-02T16:44:31.444Z] [runtime-status] [3056] initializeApp(DEFAULT) {"databaseURL":"https://locapp-c4de3.firebaseio.com","storageBucket":"locapp-c4de3.appspot.com","projectId":"locapp-c4de3"} 
[warn] ⚠  functions: The Cloud Firestore emulator is not running, so calls to Firestore will affect production.
[info] >  ====> Start decode token {"user":"====> Start decode token"}
[info] >  ====> Token ok {"user":"====> Token ok"}
[info] >  Prepare Apis {"user":"Prepare Apis"}
[debug] [2020-05-02T16:44:31.758Z] [runtime-status] [3056] Trigger "root" has been found, beginning invocation! 
[info] i  functions: Beginning execution of "root"
[debug] [2020-05-02T16:44:31.759Z] [runtime-status] [3056] triggerDefinition {"httpsTrigger":{},"name":"root","entryPoint":"root"} 
[debug] [2020-05-02T16:44:31.760Z] [runtime-status] [3056] Running root in mode HTTPS 
[debug] [2020-05-02T16:44:31.765Z] [runtime-status] [3056] Attempting to listen to socketPath: /tmp/fire_emu_3056.sock 
[debug] [2020-05-02T16:44:31.780Z] [functions] Runtime ready! Sending request! 
[debug] [2020-05-02T16:44:31.808Z] [runtime-status] [3056] Ephemeral server handling POST request 
[info] >  Try Decode token {"user":"Try Decode token"}
[debug] [2020-05-02T16:44:31.855Z] [runtime-status] [3056] Ephemeral server survived. 
[info] >  decodedToken {"name":"Mickael Poulhazan","picture":"https://lh3.googleusercontent.com/a-/AOh14GgWGUXBzo2LTBPjeiislsUyoNCj3LttHTeBD_XkKw","iss":"https://securetoken.google.com/locapp-c4de3","aud":"locapp-c4de3","auth_time":1587801852,"user_id":"JqjUXwUdhQQ3KxtZlHh585rh6OU2","sub":"JqjUXwUdhQQ3KxtZlHh585rh6OU2","iat":1588434960,"exp":1588438560,"email":"mickael.poulhazan@gmail.com","email_verified":true,"firebase":{"identities":{"google.com":["109641557156042866723"],"email":["mickael.poulhazan@gmail.com"]},"sign_in_provider":"google.com"},"uid":"JqjUXwUdhQQ3KxtZlHh585rh6OU2"} {"user":"decodedToken {\"name\":\"Mickael Poulhazan\",\"picture\":\"https://lh3.googleusercontent.com/a-/AOh14GgWGUXBzo2LTBPjeiislsUyoNCj3LttHTeBD_XkKw\",\"iss\":\"https://securetoken.google.com/locapp-c4de3\",\"aud\":\"locapp-c4de3\",\"auth_time\":1587801852,\"user_id\":\"JqjUXwUdhQQ3KxtZlHh585rh6OU2\",\"sub\":\"JqjUXwUdhQQ3KxtZlHh585rh6OU2\",\"iat\":1588434960,\"exp\":1588438560,\"email\":\"mickael.poulhazan@gmail.com\",\"email_verified\":true,\"firebase\":{\"identities\":{\"google.com\":[\"109641557156042866723\"],\"email\":[\"mickael.poulhazan@gmail.com\"]},\"sign_in_provider\":\"google.com\"},\"uid\":\"JqjUXwUdhQQ3KxtZlHh585rh6OU2\"}"}
[info] >  End decode token {"user":"End decode token"}
[info] >  ===> Add new basket {"user":"===> Add new basket"}
[info] >  Before parse { {"user":"Before parse {"}
[info] >      "id": "3", {"user":"    \"id\": \"3\","}
[info] >      "title": "test basket via postman", {"user":"    \"title\": \"test basket via postman\","}
[info] >      "decription": "Test description", {"user":"    \"decription\": \"Test description\","}
[info] >      "image": "null", {"user":"    \"image\": \"null\","}
[info] >      "seller": "123", {"user":"    \"seller\": \"123\","}
[info] >      "price": "12", {"user":"    \"price\": \"12\","}
[info] >      "priceBeforeReduction": "12", {"user":"    \"priceBeforeReduction\": \"12\","}
[info] >      "creationDate": "1588337895", {"user":"    \"creationDate\": \"1588337895\","}
[info] >      "collectStartDate": "1588337895", {"user":"    \"collectStartDate\": \"1588337895\","}
[info] >      "collectEndDate": "1588337895", {"user":"    \"collectEndDate\": \"1588337895\","}
[info] >      "collectCenter": "null", {"user":"    \"collectCenter\": \"null\","}
[info] >      "isOrganic": "true", {"user":"    \"isOrganic\": \"true\","}
[info] >      "isVeggie": "true", {"user":"    \"isVeggie\": \"true\","}
[info] >      "status": "available", {"user":"    \"status\": \"available\","}
[info] >      "content": "null" {"user":"    \"content\": \"null\""}
[info] >  } {"user":"}"}
[info] >  { id: '3', {"user":"{ id: '3',"}
[info] >    title: 'test basket via postman', {"user":"  title: 'test basket via postman',"}
[info] >    decription: 'Test description', {"user":"  decription: 'Test description',"}
[info] >    image: 'null', {"user":"  image: 'null',"}
[info] >    seller: '123', {"user":"  seller: '123',"}
[info] >    price: '12', {"user":"  price: '12',"}
[info] >    priceBeforeReduction: '12', {"user":"  priceBeforeReduction: '12',"}
[info] >    creationDate: '1588337895', {"user":"  creationDate: '1588337895',"}
[info] >    collectStartDate: '1588337895', {"user":"  collectStartDate: '1588337895',"}
[info] >    collectEndDate: '1588337895', {"user":"  collectEndDate: '1588337895',"}
[info] >    collectCenter: 'null', {"user":"  collectCenter: 'null',"}
[info] >    isOrganic: 'true', {"user":"  isOrganic: 'true',"}
[info] >    isVeggie: 'true', {"user":"  isVeggie: 'true',"}
[info] >    status: 'available', {"user":"  status: 'available',"}
[info] >    content: 'null' } {"user":"  content: 'null' }"}
[info] i  functions: Finished "root" in ~1s
[debug] [2020-05-02T16:44:32.206Z] [worker-root-dfeb0197-79fa-425e-b21d-395a9768b680]: IDLE 
[debug] [2020-05-02T16:44:32.206Z] [work-queue] {"queueLength":0,"workRunningCount":0}
[warn] ⚠  Google API requested!
   - URL: "https://www.googleapis.com/oauth2/v4/token"
   - Be careful, this may be a production service.
[debug] [2020-05-02T16:54:34.015Z] File /home/vagrant/projects/POC/locapp-back/functions/src/Services/FirebaseService.ts changed, reloading triggers 
[debug] [2020-05-02T16:54:35.016Z] [worker-pool] Shutting down IDLE worker (~diagnostic~) 
[debug] [2020-05-02T16:54:35.017Z] [worker-~diagnostic~-16e6ed0b-f5c8-4cdb-a99c-564d8e16a032]: FINISHING 
[debug] [2020-05-02T16:54:35.017Z] [worker-pool] Shutting down IDLE worker (root) 
[debug] [2020-05-02T16:54:35.018Z] [worker-root-dfeb0197-79fa-425e-b21d-395a9768b680]: FINISHING 
[debug] [2020-05-02T16:54:35.028Z] [worker-pool] addWorker(~diagnostic~) 
[debug] [2020-05-02T16:54:35.028Z] [worker-pool] Adding worker with key ~diagnostic~, total=2 
[debug] [2020-05-02T16:54:35.028Z] [worker-pool] submitWork(triggerId=) 
[debug] [2020-05-02T16:54:35.028Z] [worker-~diagnostic~-e4e1c3e8-5f2b-4007-94a6-51ddd8a1184b]: Assigning socketPath: /tmp/fire_emu_10433.sock 
[debug] [2020-05-02T16:54:35.028Z] [worker-~diagnostic~-e4e1c3e8-5f2b-4007-94a6-51ddd8a1184b]: BUSY 
[debug] [2020-05-02T16:54:35.030Z] [worker-~diagnostic~-16e6ed0b-f5c8-4cdb-a99c-564d8e16a032]: exited 
[debug] [2020-05-02T16:54:35.031Z] [worker-~diagnostic~-16e6ed0b-f5c8-4cdb-a99c-564d8e16a032]: FINISHED 
[debug] [2020-05-02T16:54:35.031Z] [worker-root-dfeb0197-79fa-425e-b21d-395a9768b680]: exited 
[debug] [2020-05-02T16:54:35.031Z] [worker-root-dfeb0197-79fa-425e-b21d-395a9768b680]: FINISHED 
[debug] [2020-05-02T16:54:35.552Z] [runtime-status] [10433] Functions runtime initialized. {"cwd":"/home/vagrant/projects/POC/locapp-back/functions","node_version":"10.15.1"} 
[debug] [2020-05-02T16:54:35.556Z] [runtime-status] [10433] Disabled runtime features: undefined 
[debug] [2020-05-02T16:54:35.561Z] [runtime-status] [10433] Resolved module firebase-admin {"declared":true,"installed":true,"version":"8.11.0","resolution":"/home/vagrant/projects/POC/locapp-back/functions/node_modules/firebase-admin/lib/index.js"} 
[debug] [2020-05-02T16:54:35.564Z] [runtime-status] [10433] Resolved module firebase-functions {"declared":true,"installed":true,"version":"3.6.1","resolution":"/home/vagrant/projects/POC/locapp-back/functions/node_modules/firebase-functions/lib/index.js"} 
[warn] ⚠  functions: Your GOOGLE_APPLICATION_CREDENTIALS environment variable points to /home/vagrant/projects/credentials/locapp/locapp-cred.json. Non-emulated services will access production using these credentials. Be careful!
[debug] [2020-05-02T16:54:35.598Z] [runtime-status] [10433] Outgoing network have been stubbed. [{"name":"http","status":"mocked"},{"name":"http","status":"mocked"},{"name":"https","status":"mocked"},{"name":"https","status":"mocked"},{"name":"net","status":"mocked"}] 
[debug] [2020-05-02T16:54:35.666Z] [runtime-status] [10433] Checked functions.config() {"config":{}} 
[debug] [2020-05-02T16:54:35.668Z] [runtime-status] [10433] Resolved module firebase-functions {"declared":true,"installed":true,"version":"3.6.1","resolution":"/home/vagrant/projects/POC/locapp-back/functions/node_modules/firebase-functions/lib/index.js"} 
[debug] [2020-05-02T16:54:35.670Z] [runtime-status] [10433] Resolved module firebase-admin {"declared":true,"installed":true,"version":"8.11.0","resolution":"/home/vagrant/projects/POC/locapp-back/functions/node_modules/firebase-admin/lib/index.js"} 
[debug] [2020-05-02T16:54:35.670Z] [runtime-status] [10433] Resolved module firebase-functions {"declared":true,"installed":true,"version":"3.6.1","resolution":"/home/vagrant/projects/POC/locapp-back/functions/node_modules/firebase-functions/lib/index.js"} 
[debug] [2020-05-02T16:54:35.671Z] [runtime-status] [10433] firebase-admin has been stubbed. {"adminResolution":{"declared":true,"installed":true,"version":"8.11.0","resolution":"/home/vagrant/projects/POC/locapp-back/functions/node_modules/firebase-admin/lib/index.js"}} 
[debug] [2020-05-02T16:54:35.811Z] [runtime-status] [10433] config() parent accessed! {"parentKey":"firebase","parentConfig":{}} 
[debug] [2020-05-02T16:54:35.887Z] [runtime-status] [10433] initializeApp(DEFAULT) {"databaseURL":"https://locapp-c4de3.firebaseio.com","storageBucket":"locapp-c4de3.appspot.com","projectId":"locapp-c4de3"} 
[warn] ⚠  functions: The Cloud Firestore emulator is not running, so calls to Firestore will affect production.
[info] >  ====> Start decode token {"user":"====> Start decode token"}
[info] >  ====> Token ok {"user":"====> Token ok"}
[info] >  Prepare Apis {"user":"Prepare Apis"}
[debug] [2020-05-02T16:54:36.319Z] [worker-~diagnostic~-e4e1c3e8-5f2b-4007-94a6-51ddd8a1184b]: IDLE 
[debug] [2020-05-02T16:55:19.586Z] File /home/vagrant/projects/POC/locapp-back/functions/src/functions/BasketController.ts changed, reloading triggers 
[debug] [2020-05-02T16:55:20.587Z] [worker-pool] Shutting down IDLE worker (~diagnostic~) 
[debug] [2020-05-02T16:55:20.588Z] [worker-~diagnostic~-e4e1c3e8-5f2b-4007-94a6-51ddd8a1184b]: FINISHING 
[debug] [2020-05-02T16:55:20.589Z] [worker-pool] Cleaned up workers for ~diagnostic~: 2 --> 1 
[debug] [2020-05-02T16:55:20.590Z] [worker-pool] Cleaned up workers for root: 1 --> 0 
[debug] [2020-05-02T16:55:20.610Z] [worker-pool] addWorker(~diagnostic~) 
[debug] [2020-05-02T16:55:20.611Z] [worker-pool] Adding worker with key ~diagnostic~, total=2 
[debug] [2020-05-02T16:55:20.611Z] [worker-pool] submitWork(triggerId=) 
[debug] [2020-05-02T16:55:20.611Z] [worker-~diagnostic~-9ae8e166-f4d7-4aec-aa80-c0aa7af5e21a]: Assigning socketPath: /tmp/fire_emu_10989.sock 
[debug] [2020-05-02T16:55:20.611Z] [worker-~diagnostic~-9ae8e166-f4d7-4aec-aa80-c0aa7af5e21a]: BUSY 
[debug] [2020-05-02T16:55:20.613Z] [worker-~diagnostic~-e4e1c3e8-5f2b-4007-94a6-51ddd8a1184b]: exited 
[debug] [2020-05-02T16:55:20.613Z] [worker-~diagnostic~-e4e1c3e8-5f2b-4007-94a6-51ddd8a1184b]: FINISHED 
[debug] [2020-05-02T16:55:20.952Z] [runtime-status] [10989] Functions runtime initialized. {"cwd":"/home/vagrant/projects/POC/locapp-back/functions","node_version":"10.15.1"} 
[debug] [2020-05-02T16:55:20.952Z] [runtime-status] [10989] Disabled runtime features: undefined 
[debug] [2020-05-02T16:55:20.958Z] [runtime-status] [10989] Resolved module firebase-admin {"declared":true,"installed":true,"version":"8.11.0","resolution":"/home/vagrant/projects/POC/locapp-back/functions/node_modules/firebase-admin/lib/index.js"} 
[debug] [2020-05-02T16:55:20.962Z] [runtime-status] [10989] Resolved module firebase-functions {"declared":true,"installed":true,"version":"3.6.1","resolution":"/home/vagrant/projects/POC/locapp-back/functions/node_modules/firebase-functions/lib/index.js"} 
[warn] ⚠  functions: Your GOOGLE_APPLICATION_CREDENTIALS environment variable points to /home/vagrant/projects/credentials/locapp/locapp-cred.json. Non-emulated services will access production using these credentials. Be careful!
[debug] [2020-05-02T16:55:20.986Z] [runtime-status] [10989] Outgoing network have been stubbed. [{"name":"http","status":"mocked"},{"name":"http","status":"mocked"},{"name":"https","status":"mocked"},{"name":"https","status":"mocked"},{"name":"net","status":"mocked"}] 
[debug] [2020-05-02T16:55:21.020Z] [runtime-status] [10989] Checked functions.config() {"config":{}} 
[debug] [2020-05-02T16:55:21.022Z] [runtime-status] [10989] Resolved module firebase-functions {"declared":true,"installed":true,"version":"3.6.1","resolution":"/home/vagrant/projects/POC/locapp-back/functions/node_modules/firebase-functions/lib/index.js"} 
[debug] [2020-05-02T16:55:21.025Z] [runtime-status] [10989] Resolved module firebase-admin {"declared":true,"installed":true,"version":"8.11.0","resolution":"/home/vagrant/projects/POC/locapp-back/functions/node_modules/firebase-admin/lib/index.js"} 
[debug] [2020-05-02T16:55:21.025Z] [runtime-status] [10989] Resolved module firebase-functions {"declared":true,"installed":true,"version":"3.6.1","resolution":"/home/vagrant/projects/POC/locapp-back/functions/node_modules/firebase-functions/lib/index.js"} 
[debug] [2020-05-02T16:55:21.026Z] [runtime-status] [10989] firebase-admin has been stubbed. {"adminResolution":{"declared":true,"installed":true,"version":"8.11.0","resolution":"/home/vagrant/projects/POC/locapp-back/functions/node_modules/firebase-admin/lib/index.js"}} 
[debug] [2020-05-02T16:55:21.108Z] [runtime-status] [10989] config() parent accessed! {"parentKey":"firebase","parentConfig":{}} 
[debug] [2020-05-02T16:55:21.209Z] [runtime-status] [10989] initializeApp(DEFAULT) {"databaseURL":"https://locapp-c4de3.firebaseio.com","storageBucket":"locapp-c4de3.appspot.com","projectId":"locapp-c4de3"} 
[warn] ⚠  functions: The Cloud Firestore emulator is not running, so calls to Firestore will affect production.
[info] >  ====> Start decode token {"user":"====> Start decode token"}
[info] >  ====> Token ok {"user":"====> Token ok"}
[info] >  Prepare Apis {"user":"Prepare Apis"}
[debug] [2020-05-02T16:55:21.506Z] [worker-~diagnostic~-9ae8e166-f4d7-4aec-aa80-c0aa7af5e21a]: IDLE 
